<?xml version="1.0" encoding="UTF-8"?>
<!-- Generated by org.testng.reporters.JUnitReportReporter -->
<testsuite hostname="optimlaptop16" name="Functionlity.EducationalDetails" tests="4" failures="0" timestamp="9 Mar 2017 07:02:46 GMT" time="64.881" errors="0">
  <testcase name="BackbuttonAddNewEducation" time="17.158" classname="Functionlity.EducationalDetails"/>
  <testcase name="openprofile" time="7.498" classname="Functionlity.EducationalDetails"/>
  <testcase name="AddNewEducation" time="23.916" classname="Functionlity.EducationalDetails"/>
  <testcase name="CounselorLogincase1" time="16.309" classname="Functionlity.EducationalDetails"/>
</testsuite> <!-- Functionlity.EducationalDetails -->
