<?xml version="1.0" encoding="UTF-8"?>
<!-- Generated by org.testng.reporters.JUnitReportReporter -->
<testsuite hostname="optimlaptop16" name="Functionlity.ProfilePage" tests="3" failures="0" timestamp="9 Mar 2017 07:02:46 GMT" time="30.068" errors="0">
  <testcase name="openprofile" time="7.891" classname="Functionlity.ProfilePage"/>
  <testcase name="CounselorLogincase1" time="5.141" classname="Functionlity.ProfilePage"/>
  <testcase name="updateprofile1" time="17.036" classname="Functionlity.ProfilePage"/>
</testsuite> <!-- Functionlity.ProfilePage -->
