<?xml version="1.0" encoding="UTF-8"?>
<!-- Generated by org.testng.reporters.JUnitReportReporter -->
<testsuite hostname="optimlaptop16" name="Functionlity.Experience" tests="5" failures="0" timestamp="9 Mar 2017 07:02:46 GMT" time="49.587" errors="0">
  <testcase name="AddExperience" time="3.871" classname="Functionlity.Experience"/>
  <testcase name="page_open_Experience_AddExperience" time="10.247" classname="Functionlity.Experience"/>
  <testcase name="openprofile" time="7.482" classname="Functionlity.Experience"/>
  <testcase name="backbutton" time="10.156" classname="Functionlity.Experience"/>
  <testcase name="CounselorLogincase1" time="17.831" classname="Functionlity.Experience"/>
</testsuite> <!-- Functionlity.Experience -->
