<?xml version="1.0" encoding="UTF-8"?>
<!-- Generated by org.testng.reporters.JUnitReportReporter -->
<testsuite hostname="optimlaptop16" name="Functionlity.Login" tests="7" failures="0" timestamp="9 Mar 2017 07:02:46 GMT" time="89.733" errors="0">
  <testcase name="CounselorLogincase3" time="10.851" classname="Functionlity.Login"/>
  <testcase name="CounselorLogincase2" time="0.658" classname="Functionlity.Login"/>
  <testcase name="UserLogincase1" time="6.059" classname="Functionlity.Login"/>
  <testcase name="UserLogincase2" time="0.509" classname="Functionlity.Login"/>
  <testcase name="openwebsite" time="47.775" classname="Functionlity.Login"/>
  <testcase name="CounselorLogincase1" time="7.027" classname="Functionlity.Login"/>
  <testcase name="UserLogincase3" time="16.854" classname="Functionlity.Login"/>
</testsuite> <!-- Functionlity.Login -->
